Determining if the pthread_create exist failed with the following output:
Change Dir: /home/labkinetic/catkin_ws/src/Planning/cmake-build-debug/CMakeFiles/CMakeTmp

Run Build Command:"/usr/bin/make" "cmTC_ad36d/fast"
/usr/bin/make -f CMakeFiles/cmTC_ad36d.dir/build.make CMakeFiles/cmTC_ad36d.dir/build
make[1]: Entering directory '/home/labkinetic/catkin_ws/src/Planning/cmake-build-debug/CMakeFiles/CMakeTmp'
Building C object CMakeFiles/cmTC_ad36d.dir/CheckSymbolExists.c.o
/usr/bin/cc    -o CMakeFiles/cmTC_ad36d.dir/CheckSymbolExists.c.o   -c /home/labkinetic/catkin_ws/src/Planning/cmake-build-debug/CMakeFiles/CMakeTmp/CheckSymbolExists.c
Linking C executable cmTC_ad36d
/home/labkinetic/Programs/clion/bin/cmake/linux/bin/cmake -E cmake_link_script CMakeFiles/cmTC_ad36d.dir/link.txt --verbose=1
/usr/bin/cc      -rdynamic CMakeFiles/cmTC_ad36d.dir/CheckSymbolExists.c.o  -o cmTC_ad36d 
CMakeFiles/cmTC_ad36d.dir/CheckSymbolExists.c.o: In function `main':
CheckSymbolExists.c:(.text+0x16): undefined reference to `pthread_create'
collect2: error: ld returned 1 exit status
CMakeFiles/cmTC_ad36d.dir/build.make:86: recipe for target 'cmTC_ad36d' failed
make[1]: *** [cmTC_ad36d] Error 1
make[1]: Leaving directory '/home/labkinetic/catkin_ws/src/Planning/cmake-build-debug/CMakeFiles/CMakeTmp'
Makefile:121: recipe for target 'cmTC_ad36d/fast' failed
make: *** [cmTC_ad36d/fast] Error 2

File /home/labkinetic/catkin_ws/src/Planning/cmake-build-debug/CMakeFiles/CMakeTmp/CheckSymbolExists.c:
/* */
#include <pthread.h>

int main(int argc, char** argv)
{
  (void)argv;
#ifndef pthread_create
  return ((int*)(&pthread_create))[argc];
#else
  (void)argc;
  return 0;
#endif
}

Determining if the function pthread_create exists in the pthreads failed with the following output:
Change Dir: /home/labkinetic/catkin_ws/src/Planning/cmake-build-debug/CMakeFiles/CMakeTmp

Run Build Command:"/usr/bin/make" "cmTC_c15f1/fast"
/usr/bin/make -f CMakeFiles/cmTC_c15f1.dir/build.make CMakeFiles/cmTC_c15f1.dir/build
make[1]: Entering directory '/home/labkinetic/catkin_ws/src/Planning/cmake-build-debug/CMakeFiles/CMakeTmp'
Building C object CMakeFiles/cmTC_c15f1.dir/CheckFunctionExists.c.o
/usr/bin/cc   -DCHECK_FUNCTION_EXISTS=pthread_create   -o CMakeFiles/cmTC_c15f1.dir/CheckFunctionExists.c.o   -c /home/labkinetic/Programs/clion/bin/cmake/linux/share/cmake-3.12/Modules/CheckFunctionExists.c
Linking C executable cmTC_c15f1
/home/labkinetic/Programs/clion/bin/cmake/linux/bin/cmake -E cmake_link_script CMakeFiles/cmTC_c15f1.dir/link.txt --verbose=1
/usr/bin/cc  -DCHECK_FUNCTION_EXISTS=pthread_create    -rdynamic CMakeFiles/cmTC_c15f1.dir/CheckFunctionExists.c.o  -o cmTC_c15f1 -lpthreads 
/usr/bin/ld: cannot find -lpthreads
collect2: error: ld returned 1 exit status
CMakeFiles/cmTC_c15f1.dir/build.make:86: recipe for target 'cmTC_c15f1' failed
make[1]: *** [cmTC_c15f1] Error 1
make[1]: Leaving directory '/home/labkinetic/catkin_ws/src/Planning/cmake-build-debug/CMakeFiles/CMakeTmp'
Makefile:121: recipe for target 'cmTC_c15f1/fast' failed
make: *** [cmTC_c15f1/fast] Error 2


